Total messages: 5 (Errors: 3, Warnings: 0)
Returning 3 messages for level "error"

[ERROR] Failed to load resource: the server responded with a status of 500 (Internal Server Error) @ http://localhost:3000/?invite=BETA-FOUNDER:0
[ERROR] Failed to load resource: the server responded with a status of 404 (Not Found) @ http://localhost:3000/favicon.ico:0
TypeError: __webpack_modules__[moduleId] is not a function
    at Object.__webpack_require__ [as require] (file:///Users/jaxonklein/Projects/audio-anything-3/.next/server/webpack-runtime.js:25:42)
    at Object.require (file:///Users/jaxonklein/Projects/audio-anything-3/node_modules/next/dist/compiled/next-server/app-page.runtime.dev.js:39:28541)
    at globalThis.__next_require__ (file:///Users/jaxonklein/Projects/audio-anything-3/node_modules/next/dist/compiled/next-server/app-page.runtime.dev.js:39:29364)
    at requireModule (file:///Users/jaxonklein/Projects/audio-anything-3/node_modules/next/dist/compiled/next-server/app-page.runtime.dev.js:2:318257)
    at initializeModuleChunk (file:///Users/jaxonklein/Projects/audio-anything-3/node_modules/next/dist/compiled/next-server/app-page.runtime.dev.js:2:347649)
    at getOutlinedModel (file:///Users/jaxonklein/Projects/audio-anything-3/node_modules/next/dist/compiled/next-server/app-page.runtime.dev.js:2:357408)
    at <unknown> (file:///Users/jaxonklein/Projects/audio-anything-3/node_modules/next/dist/compiled/next-server/app-page.runtime.dev.js:2:365361)
    at ResponseInstance._fromJSON (file:///Users/jaxonklein/Projects/audio-anything-3/node_modules/next/dist/compiled/next-server/app-page.runtime.dev.js:2:365452)
    at JSON.parse (<anonymous>)
    at initializeModelChunk (file:///Users/jaxonklein/Projects/audio-anything-3/node_modules/next/dist/compiled/next-server/app-page.runtime.dev.js:2:347040)
    at resolveModelChunk (file:///Users/jaxonklein/Projects/audio-anything-3/node_modules/next/dist/compiled/next-server/app-page.runtime.dev.js:2:345328)
    at processFullStringRow (file:///Users/jaxonklein/Projects/audio-anything-3/node_modules/next/dist/compiled/next-server/app-page.runtime.dev.js:2:384472)
    at <unknown> (file:///Users/jaxonklein/Projects/audio-anything-3/node_modules/next/dist/compiled/next-server/app-page.runtime.dev.js:2:386875)
    at processBinaryChunk (file:///Users/jaxonklein/Projects/audio-anything-3/node_modules/next/dist/compiled/next-server/app-page.runtime.dev.js:2:386947)
    at progress (file:///Users/jaxonklein/Projects/audio-anything-3/node_modules/next/dist/compiled/next-server/app-page.runtime.dev.js:2:388475)